==55078== Memcheck, a memory error detector
==55078== Copyright (C) 2002-2017, and GNU GPL'd, by Julian Seward et al.
==55078== Using Valgrind-3.15.0 and LibVEX; rerun with -h for copyright info
==55078== Command: ./out
==55078== Parent PID: 53078
==55078== 
==55078== Invalid free() / delete / delete[] / realloc()
==55078==    at 0x483CFBF: operator delete(void*) (in /usr/lib/x86_64-linux-gnu/valgrind/vgpreload_memcheck-amd64-linux.so)
==55078==    by 0x109B1A: deallocate (new_allocator.h:128)
==55078==    by 0x109B1A: deallocate (alloc_traits.h:470)
==55078==    by 0x109B1A: _M_put_node (stl_list.h:442)
==55078==    by 0x109B1A: _M_clear (list.tcc:81)
==55078==    by 0x109B1A: ~_List_base (stl_list.h:495)
==55078==    by 0x109B1A: ~list (stl_list.h:823)
==55078==    by 0x109B1A: ~Queue (cache.hpp:41)
==55078==    by 0x109B1A: Cache2Q<int>::~Cache2Q() (cache.hpp:89)
==55078==    by 0x1095F3: main (main.cpp:20)
==55078==  Address 0x1ffefffac8 is on thread 1's stack
==55078==  in frame #2, created by main (main.cpp:9)
==55078== 
==55078== Invalid read of size 8
==55078==    at 0x109B33: _M_clear (list.tcc:74)
==55078==    by 0x109B33: ~_List_base (stl_list.h:495)
==55078==    by 0x109B33: ~list (stl_list.h:823)
==55078==    by 0x109B33: ~Queue (cache.hpp:41)
==55078==    by 0x109B33: Cache2Q<int>::~Cache2Q() (cache.hpp:89)
==55078==    by 0x1095F3: main (main.cpp:20)
==55078==  Address 0x641fd00 is 0 bytes inside a block of size 24 free'd
==55078==    at 0x483CFBF: operator delete(void*) (in /usr/lib/x86_64-linux-gnu/valgrind/vgpreload_memcheck-amd64-linux.so)
==55078==    by 0x109B1A: deallocate (new_allocator.h:128)
==55078==    by 0x109B1A: deallocate (alloc_traits.h:470)
==55078==    by 0x109B1A: _M_put_node (stl_list.h:442)
==55078==    by 0x109B1A: _M_clear (list.tcc:81)
==55078==    by 0x109B1A: ~_List_base (stl_list.h:495)
==55078==    by 0x109B1A: ~list (stl_list.h:823)
==55078==    by 0x109B1A: ~Queue (cache.hpp:41)
==55078==    by 0x109B1A: Cache2Q<int>::~Cache2Q() (cache.hpp:89)
==55078==    by 0x1095F3: main (main.cpp:20)
==55078==  Block was alloc'd at
==55078==    at 0x483BE63: operator new(unsigned long) (in /usr/lib/x86_64-linux-gnu/valgrind/vgpreload_memcheck-amd64-linux.so)
==55078==    by 0x10971A: allocate (new_allocator.h:114)
==55078==    by 0x10971A: allocate (alloc_traits.h:444)
==55078==    by 0x10971A: _M_get_node (stl_list.h:438)
==55078==    by 0x10971A: _M_create_node<const ListNode<int>&> (stl_list.h:630)
==55078==    by 0x10971A: _M_insert<const ListNode<int>&> (stl_list.h:1907)
==55078==    by 0x10971A: push_front (stl_list.h:1158)
==55078==    by 0x10971A: CacheIn (cache.hpp:150)
==55078==    by 0x10971A: main (main.cpp:26)
==55078== 
==55078== Invalid free() / delete / delete[] / realloc()
==55078==    at 0x483CFBF: operator delete(void*) (in /usr/lib/x86_64-linux-gnu/valgrind/vgpreload_memcheck-amd64-linux.so)
==55078==    by 0x109B3A: deallocate (new_allocator.h:128)
==55078==    by 0x109B3A: deallocate (alloc_traits.h:470)
==55078==    by 0x109B3A: _M_put_node (stl_list.h:442)
==55078==    by 0x109B3A: _M_clear (list.tcc:81)
==55078==    by 0x109B3A: ~_List_base (stl_list.h:495)
==55078==    by 0x109B3A: ~list (stl_list.h:823)
==55078==    by 0x109B3A: ~Queue (cache.hpp:41)
==55078==    by 0x109B3A: Cache2Q<int>::~Cache2Q() (cache.hpp:89)
==55078==    by 0x1095F3: main (main.cpp:20)
==55078==  Address 0x641fd00 is 0 bytes inside a block of size 24 free'd
==55078==    at 0x483CFBF: operator delete(void*) (in /usr/lib/x86_64-linux-gnu/valgrind/vgpreload_memcheck-amd64-linux.so)
==55078==    by 0x109B1A: deallocate (new_allocator.h:128)
==55078==    by 0x109B1A: deallocate (alloc_traits.h:470)
==55078==    by 0x109B1A: _M_put_node (stl_list.h:442)
==55078==    by 0x109B1A: _M_clear (list.tcc:81)
==55078==    by 0x109B1A: ~_List_base (stl_list.h:495)
==55078==    by 0x109B1A: ~list (stl_list.h:823)
==55078==    by 0x109B1A: ~Queue (cache.hpp:41)
==55078==    by 0x109B1A: Cache2Q<int>::~Cache2Q() (cache.hpp:89)
==55078==    by 0x1095F3: main (main.cpp:20)
==55078==  Block was alloc'd at
==55078==    at 0x483BE63: operator new(unsigned long) (in /usr/lib/x86_64-linux-gnu/valgrind/vgpreload_memcheck-amd64-linux.so)
==55078==    by 0x10971A: allocate (new_allocator.h:114)
==55078==    by 0x10971A: allocate (alloc_traits.h:444)
==55078==    by 0x10971A: _M_get_node (stl_list.h:438)
==55078==    by 0x10971A: _M_create_node<const ListNode<int>&> (stl_list.h:630)
==55078==    by 0x10971A: _M_insert<const ListNode<int>&> (stl_list.h:1907)
==55078==    by 0x10971A: push_front (stl_list.h:1158)
==55078==    by 0x10971A: CacheIn (cache.hpp:150)
==55078==    by 0x10971A: main (main.cpp:26)
==55078== 
==55078== 
==55078== HEAP SUMMARY:
==55078==     in use at exit: 599,976 bytes in 24,999 blocks
==55078==   total heap usage: 230,838 allocs, 230,842 frees, 6,960,568 bytes allocated
==55078== 
==55078== LEAK SUMMARY:
==55078==    definitely lost: 24 bytes in 1 blocks
==55078==    indirectly lost: 599,952 bytes in 24,998 blocks
==55078==      possibly lost: 0 bytes in 0 blocks
==55078==    still reachable: 0 bytes in 0 blocks
==55078==         suppressed: 0 bytes in 0 blocks
==55078== Rerun with --leak-check=full to see details of leaked memory
==55078== 
==55078== For lists of detected and suppressed errors, rerun with: -s
==55078== ERROR SUMMARY: 50004 errors from 3 contexts (suppressed: 0 from 0)
